<?xml version='1.0' encoding='UTF-8'?>
<testsuite hostname="ddct-55" name="uk.gov.hmrc.integration.cucumber.utils.Runner" tests="42" errors="0" failures="0" time="-0.042">
                     <properties>
[...]
</properties>
                     <testcase classname="uk.gov.hmrc.integration.cucumber.utils.Runner" name="Given we start on URL 'http://localhost:9563/report-quarterly/income-and-expenses/sign-up/client/test-only/stub-client'" time="-0.001">
                                                 
                                               </testcase><testcase classname="uk.gov.hmrc.integration.cucumber.utils.Runner" name="When User stubbing service where select 'clickContinueButton'" time="-0.001">
                                                 
                                               </testcase><testcase classname="uk.gov.hmrc.integration.cucumber.utils.Runner" name="Then TEST_DELAY = 100" time="-0.001">
                                                 
                                               </testcase><testcase classname="uk.gov.hmrc.integration.cucumber.utils.Runner" name="And User stubbing service where then navigate to 'http://localhost:9949/auth-login-stub/gg-sign-in'" time="-0.001">
                                                 
                                               </testcase><testcase classname="uk.gov.hmrc.integration.cucumber.utils.Runner" name="And Authority Wizard where 'fieldRedirectionUrl' is 'http://localhost:9563/report-quarterly/income-and-expenses/sign-up/client' and 'fieldEnrolment0Name' is 'HMRC-AS-AGENT' and 'fieldInput00Name' is 'AgentReferenceNumber' and 'fieldInput00Value' is 'a' and select 'clickInputButton'" time="-0.001">
                                                 
                                               </testcase><testcase classname="uk.gov.hmrc.integration.cucumber.utils.Runner" name="Then TEST_DELAY = 0" time="-0.001">
                                                 
                                               </testcase><testcase classname="uk.gov.hmrc.integration.cucumber.utils.Runner" name="And Sign up to report your client's income and expenses quarterly where select 'clickStartButton'" time="-0.001">
                                                 
                                               </testcase><testcase classname="uk.gov.hmrc.integration.cucumber.utils.Runner" name="Then PAUSE" time="-0.001">
                                                 
                                               </testcase><testcase classname="uk.gov.hmrc.integration.cucumber.utils.Runner" name="And Enter your client's details where 'fieldClientFirstName' is 'Test' and 'fieldClientLastName' is 'User' and 'fieldClientNino' is 'AA111111A' and 'fieldClientDateOfBirthDateDay' is '01' and 'fieldClientDateOfBirthDateMonth' is '01' and 'fieldClientDateOfBirthDateYear' is '1980' and select 'clickContinueButton'" time="-0.001">
                                                 
                                               </testcase><testcase classname="uk.gov.hmrc.integration.cucumber.utils.Runner" name="And Confirm your client where select 'clickContinueButton'" time="-0.001">
                                                 
                                               </testcase><testcase classname="uk.gov.hmrc.integration.cucumber.utils.Runner" name="And Select your client's income type where select 'clickIncomeSourceBoth' and select 'clickContinueButton'" time="-0.001">
                                                 
                                               </testcase><testcase classname="uk.gov.hmrc.integration.cucumber.utils.Runner" name="And Does your client have any other sources of income where select 'clickChoiceNo' and select 'clickContinueButton'" time="-0.001">
                                                 
                                               </testcase><testcase classname="uk.gov.hmrc.integration.cucumber.utils.Runner" name="Then Business accounting period where select 'clickAccountingPeriodPriorNo' and select 'clickContinueButton'" time="-0.001">
                                                 
                                               </testcase><testcase classname="uk.gov.hmrc.integration.cucumber.utils.Runner" name="Scenario: Scenario Number 1" time="-0.001">
                                                 
                                               </testcase><testcase classname="uk.gov.hmrc.integration.cucumber.utils.Runner" name="When Business accounting period where 'fieldStartDateDateDay' is '01' and 'fieldStartDateDateMonth' is '01' and 'fieldStartDateDateYear' is '2018' and 'fieldEndDateDateDay' is '01' and 'fieldEndDateDateMonth' is '01' and 'fieldEndDateDateYear' is '2019' and select 'clickContinueButton'" time="-0.001">
                                                 
                                               </testcase><testcase classname="uk.gov.hmrc.integration.cucumber.utils.Runner" name="And Business name where 'fieldBusinessName' is 'Test Business' and select 'clickContinueButton'" time="-0.001">
                                                 
                                               </testcase><testcase classname="uk.gov.hmrc.integration.cucumber.utils.Runner" name="And Accounting method where select 'clickAccountingMethodAccruals' and select 'clickContinueButton'" time="-0.001">
                                                 
                                               </testcase><testcase classname="uk.gov.hmrc.integration.cucumber.utils.Runner" name="And Terms of participation where select 'clickContinueButton'" time="-0.001">
                                                 
                                               </testcase><testcase classname="uk.gov.hmrc.integration.cucumber.utils.Runner" name="And Check your answers where select 'clickBack'" time="-0.001">
                                                 
                                               </testcase><testcase classname="uk.gov.hmrc.integration.cucumber.utils.Runner" name="And Terms of participation where select 'clickBack'" time="-0.001">
                                                 
                                               </testcase><testcase classname="uk.gov.hmrc.integration.cucumber.utils.Runner" name="And Accounting method choose select 'clickBack'" time="-0.001">
                                                 
                                               </testcase><testcase classname="uk.gov.hmrc.integration.cucumber.utils.Runner" name="Then Business name where select 'clickBack'" time="-0.001">
                                                 
                                               </testcase><testcase classname="uk.gov.hmrc.integration.cucumber.utils.Runner" name="| 01 | 01 | 2018 | 01 | 01 | 2019 | Test Business |" time="-0.001">
                                                 
                                               </testcase><testcase classname="uk.gov.hmrc.integration.cucumber.utils.Runner" name="When Business accounting period with 'fieldStartDateDateDay' is '12' and 'fieldStartDateDateMonth' is '12' and 'fieldEndDateDateDay' is '12' and 'fieldEndDateDateMonth' is '12' and select 'clickContinueButton'" time="-0.001">
                                                 
                                               </testcase><testcase classname="uk.gov.hmrc.integration.cucumber.utils.Runner" name="And Business name where select 'clickContinueButton'" time="-0.001">
                                                 
                                               </testcase><testcase classname="uk.gov.hmrc.integration.cucumber.utils.Runner" name="And Accounting method where select 'clickAccountingMethodCash' and select 'clickContinueButton'" time="-0.001">
                                                 
                                               </testcase><testcase classname="uk.gov.hmrc.integration.cucumber.utils.Runner" name="And Terms of participation where select 'clickContinueButton'" time="-0.001">
                                                 
                                               </testcase><testcase classname="uk.gov.hmrc.integration.cucumber.utils.Runner" name="And Check your answers where select 'clickIncomeSourceEdit'" time="-0.001">
                                                 
                                               </testcase><testcase classname="uk.gov.hmrc.integration.cucumber.utils.Runner" name="And Select your client's income type press select 'clickContinueButton'" time="-0.001">
                                                 
                                               </testcase><testcase classname="uk.gov.hmrc.integration.cucumber.utils.Runner" name="And Check your answers where select 'clickOtherIncomeEdit'" time="-0.001">
                                                 
                                               </testcase><testcase classname="uk.gov.hmrc.integration.cucumber.utils.Runner" name="And Does your client have any other sources of income where select 'clickChoiceYes' and select 'clickContinueButton'" time="-0.001">
                                                 
                                               </testcase><testcase classname="uk.gov.hmrc.integration.cucumber.utils.Runner" name="And You can only send quarterly reports on part of your client's income where select 'clickContinueButton'" time="-0.001">
                                                 
                                               </testcase><testcase classname="uk.gov.hmrc.integration.cucumber.utils.Runner" name="And Business accounting period press select 'clickContinueButton'" time="-0.001">
                                                 
                                               </testcase><testcase classname="uk.gov.hmrc.integration.cucumber.utils.Runner" name="And Business accounting period push select 'clickContinueButton'" time="-0.001">
                                                 
                                               </testcase><testcase classname="uk.gov.hmrc.integration.cucumber.utils.Runner" name="And Accounting method choose select 'clickContinueButton'" time="-0.001">
                                                 
                                               </testcase><testcase classname="uk.gov.hmrc.integration.cucumber.utils.Runner" name="And Check your answers where select 'clickAccountingPeriodDateEdit'" time="-0.001">
                                                 
                                               </testcase><testcase classname="uk.gov.hmrc.integration.cucumber.utils.Runner" name="And Business accounting period with 'fieldStartDateDateDay' is '11' and 'fieldStartDateDateMonth' is '11' and 'fieldEndDateDateDay' is '11' and 'fieldEndDateDateMonth' is '11' and select 'clickContinueButton'" time="-0.001">
                                                 
                                               </testcase><testcase classname="uk.gov.hmrc.integration.cucumber.utils.Runner" name="And Check your answers where select 'clickBusinessNameEdit'" time="-0.001">
                                                 
                                               </testcase><testcase classname="uk.gov.hmrc.integration.cucumber.utils.Runner" name="And Business name where 'fieldBusinessName' is 'Test Businesses' and select 'clickContinueButton'" time="-0.001">
                                                 
                                               </testcase><testcase classname="uk.gov.hmrc.integration.cucumber.utils.Runner" name="And Check your answers where select 'clickAccountingMethodEdit'" time="-0.001">
                                                 
                                               </testcase><testcase classname="uk.gov.hmrc.integration.cucumber.utils.Runner" name="Then Accounting method where select 'clickAccountingMethodAccruals' and select 'clickContinueButton'" time="-0.001">
                                                 
                                               </testcase><testcase classname="uk.gov.hmrc.integration.cucumber.utils.Runner" name="Scenario: Change User Inputs" time="-0.001">
                                                 
                                               </testcase>
                     <system-out></system-out>
                     <system-err></system-err>
                   </testsuite>