<?xml version='1.0' encoding='UTF-8'?>
<testsuite hostname="ddct-55" name="uk.gov.hmrc.integration.cucumber.utils.UrlScraper" tests="25" errors="0" failures="5" time="-0.025">
                     <properties>
[...]
</properties>
                     <testcase classname="uk.gov.hmrc.integration.cucumber.utils.UrlScraper" name="Given we start on URL 'http://localhost:9949/auth-login-stub/gg-sign-in'" time="-0.001">
                                                 
                                               </testcase><testcase classname="uk.gov.hmrc.integration.cucumber.utils.UrlScraper" name="When Authority Wizard where 'fieldRedirectionUrl' is 'http://localhost:9563/report-quarterly/income-and-expenses/sign-up/client' and 'fieldEnrolment0Name' is 'HMRC-AS-AGENT' and 'fieldInput00Name' is 'AgentReferenceNumber' and 'fieldInput00Value' is 'a' and select 'clickInputButton'" time="-0.001">
                                                 
                                               </testcase><testcase classname="uk.gov.hmrc.integration.cucumber.utils.UrlScraper" name="And Sign up to report your client's income and expenses quarterly where select 'clickStartButton'" time="-0.001">
                                                 
                                               </testcase><testcase classname="uk.gov.hmrc.integration.cucumber.utils.UrlScraper" name="And Enter your client's details where 'fieldClientFirstName' is 'Test' and 'fieldClientLastName' is 'User' and 'fieldClientNino' is 'AA111111A' and 'fieldClientDateOfBirthDateDay' is '01' and 'fieldClientDateOfBirthDateMonth' is '01' and 'fieldClientDateOfBirthDateYear' is '1980' and select 'clickContinueButton'" time="-0.001">
                                                 
                                               </testcase><testcase classname="uk.gov.hmrc.integration.cucumber.utils.UrlScraper" name="And Confirm your client where select 'clickContinueButton'" time="-0.001">
                                                 
                                               </testcase><testcase classname="uk.gov.hmrc.integration.cucumber.utils.UrlScraper" name="And Select your client's income type where select 'clickIncomeSourceBusiness' and select 'clickContinueButton'" time="-0.001">
                                                 <failure message="&quot;[no such element: Unable to locate element: {&quot;method&quot;:&quot;id&quot;,&quot;selector&quot;:&quot;incomeSource-Business&quot;}
  (Session info: chrome=55.0.2883.87)
  (Driver info: chromedriver=2.24.417424 (c5c5ea873213ee72e3d0929b47482681555340c3),platform=Linux 4.4.0-83-generic x86_64) (WARNING: The server did not provide any stacktrace information)
Command duration or timeout: 16 milliseconds
For documentation on this error, please visit: http://seleniumhq.org/exceptions/no_such_element.html
Build info: version: '2.53.1', revision: 'a36b8b1cd5757287168e54b817830adce9b0158d', time: '2016-06-30 19:26:09'
System info: host: 'ddct-55', ip: '127.0.1.1', os.name: 'Linux', os.arch: 'amd64', os.version: '4.4.0-83-generic', java.version: '1.8.0_111'
Driver info: org.openqa.selenium.chrome.ChromeDriver
Capabilities [{applicationCacheEnabled=false, rotatable=false, mobileEmulationEnabled=false, networkConnectionEnabled=false, chrome={chromedriverVersion=2.24.417424 (c5c5ea873213ee72e3d0929b47482681555340c3), userDataDir=/tmp/.org.chromium.Chromium.GneLOm}, takesHeapSnapshot=true, pageLoadStrategy=normal, databaseEnabled=false, handlesAlerts=true, hasTouchScreen=false, version=55.0.2883.87, platform=LINUX, browserConnectionEnabled=false, nativeEvents=true, acceptSslCerts=true, locationContextEnabled=true, webStorageEnabled=true, browserName=chrome, takesScreenshot=true, javascriptEnabled=true, cssSelectorsEnabled=true}]
Session ID: 42bb4921f558d47c3868d81efece547e
*** Element info: {Using=id, value=incomeSource-Business}]&quot; did not equal &quot;[PRINT ERR]&quot;" type="org.scalatest.exceptions.TestFailedException">org.scalatest.exceptions.TestFailedException: &quot;[no such element: Unable to locate element: {&quot;method&quot;:&quot;id&quot;,&quot;selector&quot;:&quot;incomeSource-Business&quot;}
  (Session info: chrome=55.0.2883.87)
  (Driver info: chromedriver=2.24.417424 (c5c5ea873213ee72e3d0929b47482681555340c3),platform=Linux 4.4.0-83-generic x86_64) (WARNING: The server did not provide any stacktrace information)
Command duration or timeout: 16 milliseconds
For documentation on this error, please visit: http://seleniumhq.org/exceptions/no_such_element.html
Build info: version: '2.53.1', revision: 'a36b8b1cd5757287168e54b817830adce9b0158d', time: '2016-06-30 19:26:09'
System info: host: 'ddct-55', ip: '127.0.1.1', os.name: 'Linux', os.arch: 'amd64', os.version: '4.4.0-83-generic', java.version: '1.8.0_111'
Driver info: org.openqa.selenium.chrome.ChromeDriver
Capabilities [{applicationCacheEnabled=false, rotatable=false, mobileEmulationEnabled=false, networkConnectionEnabled=false, chrome={chromedriverVersion=2.24.417424 (c5c5ea873213ee72e3d0929b47482681555340c3), userDataDir=/tmp/.org.chromium.Chromium.GneLOm}, takesHeapSnapshot=true, pageLoadStrategy=normal, databaseEnabled=false, handlesAlerts=true, hasTouchScreen=false, version=55.0.2883.87, platform=LINUX, browserConnectionEnabled=false, nativeEvents=true, acceptSslCerts=true, locationContextEnabled=true, webStorageEnabled=true, browserName=chrome, takesScreenshot=true, javascriptEnabled=true, cssSelectorsEnabled=true}]
Session ID: 42bb4921f558d47c3868d81efece547e
*** Element info: {Using=id, value=incomeSource-Business}]&quot; did not equal &quot;[PRINT ERR]&quot;
	at org.scalatest.Assertions$class.newAssertionFailedException(Assertions.scala:500)
	at uk.gov.hmrc.integration.cucumber.pages.BasePageTemplate$.newAssertionFailedException(BasePageTemplate.scala:17)
	at org.scalatest.Assertions$AssertionsHelper.macroAssert(Assertions.scala:466)
	at uk.gov.hmrc.integration.cucumber.pages.BasePageTemplate$class.catchErr(BasePageTemplate.scala:242)
	at uk.gov.hmrc.integration.cucumber.pages.BasePageTemplate$.catchErr(BasePageTemplate.scala:17)
	at uk.gov.hmrc.integration.cucumber.pages.BasePageTemplate$class.click(BasePageTemplate.scala:65)
	at uk.gov.hmrc.integration.cucumber.pages.BasePageTemplate$.click(BasePageTemplate.scala:17)
	at uk.gov.hmrc.integration.cucumber.pages.BasePageTemplate$class.clickRadio(BasePageTemplate.scala:73)
	at uk.gov.hmrc.integration.cucumber.pages.BasePageTemplate$.clickRadio(BasePageTemplate.scala:17)
	at uk.gov.hmrc.integration.cucumber.stepdefs.URLSCRAPERCommonStepDef$$anonfun$8.apply(CommonStepDef.scala:53)
	at uk.gov.hmrc.integration.cucumber.stepdefs.URLSCRAPERCommonStepDef$$anonfun$8.apply(CommonStepDef.scala:52)
	at cucumber.api.scala.ScalaDsl$StepBody$$anonfun$apply$3.applyOrElse(ScalaDsl.scala:105)
	at cucumber.api.scala.ScalaDsl$StepBody$$anonfun$apply$3.applyOrElse(ScalaDsl.scala:103)
	at scala.runtime.AbstractPartialFunction.apply(AbstractPartialFunction.scala:36)
	at cucumber.runtime.scala.ScalaStepDefinition.execute(ScalaStepDefinition.scala:71)
	at cucumber.runtime.StepDefinitionMatch.runStep(StepDefinitionMatch.java:37)
	at cucumber.runtime.Runtime.runStep(Runtime.java:299)
	at cucumber.runtime.model.StepContainer.runStep(StepContainer.java:44)
	at cucumber.runtime.model.StepContainer.runSteps(StepContainer.java:39)
	at cucumber.runtime.model.CucumberScenario.run(CucumberScenario.java:44)
	at cucumber.runtime.junit.ExecutionUnitRunner.run(ExecutionUnitRunner.java:91)
	at cucumber.runtime.junit.FeatureRunner.runChild(FeatureRunner.java:63)
	at cucumber.runtime.junit.FeatureRunner.runChild(FeatureRunner.java:18)
	at org.junit.runners.ParentRunner$3.run(ParentRunner.java:238)
	at org.junit.runners.ParentRunner$1.schedule(ParentRunner.java:63)
	at org.junit.runners.ParentRunner.runChildren(ParentRunner.java:236)
	at org.junit.runners.ParentRunner.access$000(ParentRunner.java:53)
	at org.junit.runners.ParentRunner$2.evaluate(ParentRunner.java:229)
	at org.junit.runners.ParentRunner.run(ParentRunner.java:309)
	at cucumber.runtime.junit.FeatureRunner.run(FeatureRunner.java:70)
	at cucumber.api.junit.Cucumber.runChild(Cucumber.java:93)
	at cucumber.api.junit.Cucumber.runChild(Cucumber.java:37)
	at org.junit.runners.ParentRunner$3.run(ParentRunner.java:238)
	at org.junit.runners.ParentRunner$1.schedule(ParentRunner.java:63)
	at org.junit.runners.ParentRunner.runChildren(ParentRunner.java:236)
	at org.junit.runners.ParentRunner.access$000(ParentRunner.java:53)
	at org.junit.runners.ParentRunner$2.evaluate(ParentRunner.java:229)
	at org.junit.runners.ParentRunner.run(ParentRunner.java:309)
	at cucumber.api.junit.Cucumber.run(Cucumber.java:98)
	at org.junit.runners.Suite.runChild(Suite.java:127)
	at org.junit.runners.Suite.runChild(Suite.java:26)
	at org.junit.runners.ParentRunner$3.run(ParentRunner.java:238)
	at org.junit.runners.ParentRunner$1.schedule(ParentRunner.java:63)
	at org.junit.runners.ParentRunner.runChildren(ParentRunner.java:236)
	at org.junit.runners.ParentRunner.access$000(ParentRunner.java:53)
	at org.junit.runners.ParentRunner$2.evaluate(ParentRunner.java:229)
	at org.junit.runners.ParentRunner.run(ParentRunner.java:309)
	at org.junit.runner.JUnitCore.run(JUnitCore.java:160)
	at org.junit.runner.JUnitCore.run(JUnitCore.java:138)
	at com.novocode.junit.JUnitRunner.run(JUnitRunner.java:90)
	at sbt.RunnerWrapper$1.runRunner2(FrameworkWrapper.java:223)
	at sbt.RunnerWrapper$1.execute(FrameworkWrapper.java:236)
	at sbt.TestRunner.runTest$1(TestFramework.scala:76)
	at sbt.TestRunner.run(TestFramework.scala:85)
	at sbt.TestFramework$$anon$2$$anonfun$$init$$1$$anonfun$apply$8.apply(TestFramework.scala:202)
	at sbt.TestFramework$$anon$2$$anonfun$$init$$1$$anonfun$apply$8.apply(TestFramework.scala:202)
	at sbt.TestFramework$.sbt$TestFramework$$withContextLoader(TestFramework.scala:185)
	at sbt.TestFramework$$anon$2$$anonfun$$init$$1.apply(TestFramework.scala:202)
	at sbt.TestFramework$$anon$2$$anonfun$$init$$1.apply(TestFramework.scala:202)
	at sbt.TestFunction.apply(TestFramework.scala:207)
	at sbt.Tests$$anonfun$9.apply(Tests.scala:216)
	at sbt.Tests$$anonfun$9.apply(Tests.scala:216)
	at sbt.std.Transform$$anon$3$$anonfun$apply$2.apply(System.scala:44)
	at sbt.std.Transform$$anon$3$$anonfun$apply$2.apply(System.scala:44)
	at sbt.std.Transform$$anon$4.work(System.scala:63)
	at sbt.Execute$$anonfun$submit$1$$anonfun$apply$1.apply(Execute.scala:226)
	at sbt.Execute$$anonfun$submit$1$$anonfun$apply$1.apply(Execute.scala:226)
	at sbt.ErrorHandling$.wideConvert(ErrorHandling.scala:17)
	at sbt.Execute.work(Execute.scala:235)
	at sbt.Execute$$anonfun$submit$1.apply(Execute.scala:226)
	at sbt.Execute$$anonfun$submit$1.apply(Execute.scala:226)
	at sbt.ConcurrentRestrictions$$anon$4$$anonfun$1.apply(ConcurrentRestrictions.scala:159)
	at sbt.CompletionService$$anon$2.call(CompletionService.scala:28)
	at java.util.concurrent.FutureTask.run(FutureTask.java:266)
	at java.util.concurrent.Executors$RunnableAdapter.call(Executors.java:511)
	at java.util.concurrent.FutureTask.run(FutureTask.java:266)
	at java.util.concurrent.ThreadPoolExecutor.runWorker(ThreadPoolExecutor.java:1142)
	at java.util.concurrent.ThreadPoolExecutor$Worker.run(ThreadPoolExecutor.java:617)
	at java.lang.Thread.run(Thread.java:745)
	at ✽.And Select your client's income type where select 'clickIncomeSourceBusiness' and select 'clickContinueButton'(URLSCRAPERExampleSeleniumInputFile_ForPT_A.feature:12)
</failure>
                                               </testcase><testcase classname="uk.gov.hmrc.integration.cucumber.utils.UrlScraper" name="Scenario: Scenario Number 1" time="-0.001">
                                                 <failure message="&quot;[no such element: Unable to locate element: {&quot;method&quot;:&quot;id&quot;,&quot;selector&quot;:&quot;incomeSource-Business&quot;}
  (Session info: chrome=55.0.2883.87)
  (Driver info: chromedriver=2.24.417424 (c5c5ea873213ee72e3d0929b47482681555340c3),platform=Linux 4.4.0-83-generic x86_64) (WARNING: The server did not provide any stacktrace information)
Command duration or timeout: 16 milliseconds
For documentation on this error, please visit: http://seleniumhq.org/exceptions/no_such_element.html
Build info: version: '2.53.1', revision: 'a36b8b1cd5757287168e54b817830adce9b0158d', time: '2016-06-30 19:26:09'
System info: host: 'ddct-55', ip: '127.0.1.1', os.name: 'Linux', os.arch: 'amd64', os.version: '4.4.0-83-generic', java.version: '1.8.0_111'
Driver info: org.openqa.selenium.chrome.ChromeDriver
Capabilities [{applicationCacheEnabled=false, rotatable=false, mobileEmulationEnabled=false, networkConnectionEnabled=false, chrome={chromedriverVersion=2.24.417424 (c5c5ea873213ee72e3d0929b47482681555340c3), userDataDir=/tmp/.org.chromium.Chromium.GneLOm}, takesHeapSnapshot=true, pageLoadStrategy=normal, databaseEnabled=false, handlesAlerts=true, hasTouchScreen=false, version=55.0.2883.87, platform=LINUX, browserConnectionEnabled=false, nativeEvents=true, acceptSslCerts=true, locationContextEnabled=true, webStorageEnabled=true, browserName=chrome, takesScreenshot=true, javascriptEnabled=true, cssSelectorsEnabled=true}]
Session ID: 42bb4921f558d47c3868d81efece547e
*** Element info: {Using=id, value=incomeSource-Business}]&quot; did not equal &quot;[PRINT ERR]&quot;" type="org.scalatest.exceptions.TestFailedException">org.scalatest.exceptions.TestFailedException: &quot;[no such element: Unable to locate element: {&quot;method&quot;:&quot;id&quot;,&quot;selector&quot;:&quot;incomeSource-Business&quot;}
  (Session info: chrome=55.0.2883.87)
  (Driver info: chromedriver=2.24.417424 (c5c5ea873213ee72e3d0929b47482681555340c3),platform=Linux 4.4.0-83-generic x86_64) (WARNING: The server did not provide any stacktrace information)
Command duration or timeout: 16 milliseconds
For documentation on this error, please visit: http://seleniumhq.org/exceptions/no_such_element.html
Build info: version: '2.53.1', revision: 'a36b8b1cd5757287168e54b817830adce9b0158d', time: '2016-06-30 19:26:09'
System info: host: 'ddct-55', ip: '127.0.1.1', os.name: 'Linux', os.arch: 'amd64', os.version: '4.4.0-83-generic', java.version: '1.8.0_111'
Driver info: org.openqa.selenium.chrome.ChromeDriver
Capabilities [{applicationCacheEnabled=false, rotatable=false, mobileEmulationEnabled=false, networkConnectionEnabled=false, chrome={chromedriverVersion=2.24.417424 (c5c5ea873213ee72e3d0929b47482681555340c3), userDataDir=/tmp/.org.chromium.Chromium.GneLOm}, takesHeapSnapshot=true, pageLoadStrategy=normal, databaseEnabled=false, handlesAlerts=true, hasTouchScreen=false, version=55.0.2883.87, platform=LINUX, browserConnectionEnabled=false, nativeEvents=true, acceptSslCerts=true, locationContextEnabled=true, webStorageEnabled=true, browserName=chrome, takesScreenshot=true, javascriptEnabled=true, cssSelectorsEnabled=true}]
Session ID: 42bb4921f558d47c3868d81efece547e
*** Element info: {Using=id, value=incomeSource-Business}]&quot; did not equal &quot;[PRINT ERR]&quot;
	at org.scalatest.Assertions$class.newAssertionFailedException(Assertions.scala:500)
	at uk.gov.hmrc.integration.cucumber.pages.BasePageTemplate$.newAssertionFailedException(BasePageTemplate.scala:17)
	at org.scalatest.Assertions$AssertionsHelper.macroAssert(Assertions.scala:466)
	at uk.gov.hmrc.integration.cucumber.pages.BasePageTemplate$class.catchErr(BasePageTemplate.scala:242)
	at uk.gov.hmrc.integration.cucumber.pages.BasePageTemplate$.catchErr(BasePageTemplate.scala:17)
	at uk.gov.hmrc.integration.cucumber.pages.BasePageTemplate$class.click(BasePageTemplate.scala:65)
	at uk.gov.hmrc.integration.cucumber.pages.BasePageTemplate$.click(BasePageTemplate.scala:17)
	at uk.gov.hmrc.integration.cucumber.pages.BasePageTemplate$class.clickRadio(BasePageTemplate.scala:73)
	at uk.gov.hmrc.integration.cucumber.pages.BasePageTemplate$.clickRadio(BasePageTemplate.scala:17)
	at uk.gov.hmrc.integration.cucumber.stepdefs.URLSCRAPERCommonStepDef$$anonfun$8.apply(CommonStepDef.scala:53)
	at uk.gov.hmrc.integration.cucumber.stepdefs.URLSCRAPERCommonStepDef$$anonfun$8.apply(CommonStepDef.scala:52)
	at cucumber.api.scala.ScalaDsl$StepBody$$anonfun$apply$3.applyOrElse(ScalaDsl.scala:105)
	at cucumber.api.scala.ScalaDsl$StepBody$$anonfun$apply$3.applyOrElse(ScalaDsl.scala:103)
	at scala.runtime.AbstractPartialFunction.apply(AbstractPartialFunction.scala:36)
	at cucumber.runtime.scala.ScalaStepDefinition.execute(ScalaStepDefinition.scala:71)
	at cucumber.runtime.StepDefinitionMatch.runStep(StepDefinitionMatch.java:37)
	at cucumber.runtime.Runtime.runStep(Runtime.java:299)
	at cucumber.runtime.model.StepContainer.runStep(StepContainer.java:44)
	at cucumber.runtime.model.StepContainer.runSteps(StepContainer.java:39)
	at cucumber.runtime.model.CucumberScenario.run(CucumberScenario.java:44)
	at cucumber.runtime.junit.ExecutionUnitRunner.run(ExecutionUnitRunner.java:91)
	at cucumber.runtime.junit.FeatureRunner.runChild(FeatureRunner.java:63)
	at cucumber.runtime.junit.FeatureRunner.runChild(FeatureRunner.java:18)
	at org.junit.runners.ParentRunner$3.run(ParentRunner.java:238)
	at org.junit.runners.ParentRunner$1.schedule(ParentRunner.java:63)
	at org.junit.runners.ParentRunner.runChildren(ParentRunner.java:236)
	at org.junit.runners.ParentRunner.access$000(ParentRunner.java:53)
	at org.junit.runners.ParentRunner$2.evaluate(ParentRunner.java:229)
	at org.junit.runners.ParentRunner.run(ParentRunner.java:309)
	at cucumber.runtime.junit.FeatureRunner.run(FeatureRunner.java:70)
	at cucumber.api.junit.Cucumber.runChild(Cucumber.java:93)
	at cucumber.api.junit.Cucumber.runChild(Cucumber.java:37)
	at org.junit.runners.ParentRunner$3.run(ParentRunner.java:238)
	at org.junit.runners.ParentRunner$1.schedule(ParentRunner.java:63)
	at org.junit.runners.ParentRunner.runChildren(ParentRunner.java:236)
	at org.junit.runners.ParentRunner.access$000(ParentRunner.java:53)
	at org.junit.runners.ParentRunner$2.evaluate(ParentRunner.java:229)
	at org.junit.runners.ParentRunner.run(ParentRunner.java:309)
	at cucumber.api.junit.Cucumber.run(Cucumber.java:98)
	at org.junit.runners.Suite.runChild(Suite.java:127)
	at org.junit.runners.Suite.runChild(Suite.java:26)
	at org.junit.runners.ParentRunner$3.run(ParentRunner.java:238)
	at org.junit.runners.ParentRunner$1.schedule(ParentRunner.java:63)
	at org.junit.runners.ParentRunner.runChildren(ParentRunner.java:236)
	at org.junit.runners.ParentRunner.access$000(ParentRunner.java:53)
	at org.junit.runners.ParentRunner$2.evaluate(ParentRunner.java:229)
	at org.junit.runners.ParentRunner.run(ParentRunner.java:309)
	at org.junit.runner.JUnitCore.run(JUnitCore.java:160)
	at org.junit.runner.JUnitCore.run(JUnitCore.java:138)
	at com.novocode.junit.JUnitRunner.run(JUnitRunner.java:90)
	at sbt.RunnerWrapper$1.runRunner2(FrameworkWrapper.java:223)
	at sbt.RunnerWrapper$1.execute(FrameworkWrapper.java:236)
	at sbt.TestRunner.runTest$1(TestFramework.scala:76)
	at sbt.TestRunner.run(TestFramework.scala:85)
	at sbt.TestFramework$$anon$2$$anonfun$$init$$1$$anonfun$apply$8.apply(TestFramework.scala:202)
	at sbt.TestFramework$$anon$2$$anonfun$$init$$1$$anonfun$apply$8.apply(TestFramework.scala:202)
	at sbt.TestFramework$.sbt$TestFramework$$withContextLoader(TestFramework.scala:185)
	at sbt.TestFramework$$anon$2$$anonfun$$init$$1.apply(TestFramework.scala:202)
	at sbt.TestFramework$$anon$2$$anonfun$$init$$1.apply(TestFramework.scala:202)
	at sbt.TestFunction.apply(TestFramework.scala:207)
	at sbt.Tests$$anonfun$9.apply(Tests.scala:216)
	at sbt.Tests$$anonfun$9.apply(Tests.scala:216)
	at sbt.std.Transform$$anon$3$$anonfun$apply$2.apply(System.scala:44)
	at sbt.std.Transform$$anon$3$$anonfun$apply$2.apply(System.scala:44)
	at sbt.std.Transform$$anon$4.work(System.scala:63)
	at sbt.Execute$$anonfun$submit$1$$anonfun$apply$1.apply(Execute.scala:226)
	at sbt.Execute$$anonfun$submit$1$$anonfun$apply$1.apply(Execute.scala:226)
	at sbt.ErrorHandling$.wideConvert(ErrorHandling.scala:17)
	at sbt.Execute.work(Execute.scala:235)
	at sbt.Execute$$anonfun$submit$1.apply(Execute.scala:226)
	at sbt.Execute$$anonfun$submit$1.apply(Execute.scala:226)
	at sbt.ConcurrentRestrictions$$anon$4$$anonfun$1.apply(ConcurrentRestrictions.scala:159)
	at sbt.CompletionService$$anon$2.call(CompletionService.scala:28)
	at java.util.concurrent.FutureTask.run(FutureTask.java:266)
	at java.util.concurrent.Executors$RunnableAdapter.call(Executors.java:511)
	at java.util.concurrent.FutureTask.run(FutureTask.java:266)
	at java.util.concurrent.ThreadPoolExecutor.runWorker(ThreadPoolExecutor.java:1142)
	at java.util.concurrent.ThreadPoolExecutor$Worker.run(ThreadPoolExecutor.java:617)
	at java.lang.Thread.run(Thread.java:745)
	at ✽.And Select your client's income type where select 'clickIncomeSourceBusiness' and select 'clickContinueButton'(URLSCRAPERExampleSeleniumInputFile_ForPT_A.feature:12)
</failure>
                                               </testcase><testcase classname="uk.gov.hmrc.integration.cucumber.utils.UrlScraper" name="And Does your client have any other sources of income where select 'clickChoiceNo' and select 'clickContinueButton'" time="-0.001">
                                                 <skipped/>
                                               </testcase><testcase classname="uk.gov.hmrc.integration.cucumber.utils.UrlScraper" name="And Business accounting period where select 'clickAccountingPeriodPriorNo' and select 'clickContinueButton'" time="-0.001">
                                                 <skipped/>
                                               </testcase><testcase classname="uk.gov.hmrc.integration.cucumber.utils.UrlScraper" name="And Business accounting period where 'fieldStartDateDateDay' is '01' and 'fieldStartDateDateMonth' is '01' and 'fieldStartDateDateYear' is '2018' and 'fieldEndDateDateDay' is '01' and 'fieldEndDateDateMonth' is '01' and 'fieldEndDateDateYear' is '2019' and select 'clickContinueButton'" time="-0.001">
                                                 <skipped/>
                                               </testcase><testcase classname="uk.gov.hmrc.integration.cucumber.utils.UrlScraper" name="And Business name choose 'fieldBusinessName' is 'First Flow' and select 'clickContinueButton'" time="-0.001">
                                                 <skipped/>
                                               </testcase><testcase classname="uk.gov.hmrc.integration.cucumber.utils.UrlScraper" name="And Accounting method where select 'clickAccountingMethodCash' and select 'clickContinueButton'" time="-0.001">
                                                 <skipped/>
                                               </testcase><testcase classname="uk.gov.hmrc.integration.cucumber.utils.UrlScraper" name="Then Terms of participation where select 'clickContinueButton'" time="-0.001">
                                                 <skipped/>
                                               </testcase><testcase classname="uk.gov.hmrc.integration.cucumber.utils.UrlScraper" name="And Select your client's income type where select 'clickIncomeSourceProperty' and select 'clickContinueButton'" time="-0.001">
                                                 <failure message="&quot;[no such element: Unable to locate element: {&quot;method&quot;:&quot;id&quot;,&quot;selector&quot;:&quot;incomeSource-Property&quot;}
  (Session info: chrome=55.0.2883.87)
  (Driver info: chromedriver=2.24.417424 (c5c5ea873213ee72e3d0929b47482681555340c3),platform=Linux 4.4.0-83-generic x86_64) (WARNING: The server did not provide any stacktrace information)
Command duration or timeout: 19 milliseconds
For documentation on this error, please visit: http://seleniumhq.org/exceptions/no_such_element.html
Build info: version: '2.53.1', revision: 'a36b8b1cd5757287168e54b817830adce9b0158d', time: '2016-06-30 19:26:09'
System info: host: 'ddct-55', ip: '127.0.1.1', os.name: 'Linux', os.arch: 'amd64', os.version: '4.4.0-83-generic', java.version: '1.8.0_111'
Driver info: org.openqa.selenium.chrome.ChromeDriver
Capabilities [{applicationCacheEnabled=false, rotatable=false, mobileEmulationEnabled=false, networkConnectionEnabled=false, chrome={chromedriverVersion=2.24.417424 (c5c5ea873213ee72e3d0929b47482681555340c3), userDataDir=/tmp/.org.chromium.Chromium.GneLOm}, takesHeapSnapshot=true, pageLoadStrategy=normal, databaseEnabled=false, handlesAlerts=true, hasTouchScreen=false, version=55.0.2883.87, platform=LINUX, browserConnectionEnabled=false, nativeEvents=true, acceptSslCerts=true, locationContextEnabled=true, webStorageEnabled=true, browserName=chrome, takesScreenshot=true, javascriptEnabled=true, cssSelectorsEnabled=true}]
Session ID: 42bb4921f558d47c3868d81efece547e
*** Element info: {Using=id, value=incomeSource-Property}]&quot; did not equal &quot;[PRINT ERR]&quot;" type="org.scalatest.exceptions.TestFailedException">org.scalatest.exceptions.TestFailedException: &quot;[no such element: Unable to locate element: {&quot;method&quot;:&quot;id&quot;,&quot;selector&quot;:&quot;incomeSource-Property&quot;}
  (Session info: chrome=55.0.2883.87)
  (Driver info: chromedriver=2.24.417424 (c5c5ea873213ee72e3d0929b47482681555340c3),platform=Linux 4.4.0-83-generic x86_64) (WARNING: The server did not provide any stacktrace information)
Command duration or timeout: 19 milliseconds
For documentation on this error, please visit: http://seleniumhq.org/exceptions/no_such_element.html
Build info: version: '2.53.1', revision: 'a36b8b1cd5757287168e54b817830adce9b0158d', time: '2016-06-30 19:26:09'
System info: host: 'ddct-55', ip: '127.0.1.1', os.name: 'Linux', os.arch: 'amd64', os.version: '4.4.0-83-generic', java.version: '1.8.0_111'
Driver info: org.openqa.selenium.chrome.ChromeDriver
Capabilities [{applicationCacheEnabled=false, rotatable=false, mobileEmulationEnabled=false, networkConnectionEnabled=false, chrome={chromedriverVersion=2.24.417424 (c5c5ea873213ee72e3d0929b47482681555340c3), userDataDir=/tmp/.org.chromium.Chromium.GneLOm}, takesHeapSnapshot=true, pageLoadStrategy=normal, databaseEnabled=false, handlesAlerts=true, hasTouchScreen=false, version=55.0.2883.87, platform=LINUX, browserConnectionEnabled=false, nativeEvents=true, acceptSslCerts=true, locationContextEnabled=true, webStorageEnabled=true, browserName=chrome, takesScreenshot=true, javascriptEnabled=true, cssSelectorsEnabled=true}]
Session ID: 42bb4921f558d47c3868d81efece547e
*** Element info: {Using=id, value=incomeSource-Property}]&quot; did not equal &quot;[PRINT ERR]&quot;
	at org.scalatest.Assertions$class.newAssertionFailedException(Assertions.scala:500)
	at uk.gov.hmrc.integration.cucumber.pages.BasePageTemplate$.newAssertionFailedException(BasePageTemplate.scala:17)
	at org.scalatest.Assertions$AssertionsHelper.macroAssert(Assertions.scala:466)
	at uk.gov.hmrc.integration.cucumber.pages.BasePageTemplate$class.catchErr(BasePageTemplate.scala:242)
	at uk.gov.hmrc.integration.cucumber.pages.BasePageTemplate$.catchErr(BasePageTemplate.scala:17)
	at uk.gov.hmrc.integration.cucumber.pages.BasePageTemplate$class.click(BasePageTemplate.scala:65)
	at uk.gov.hmrc.integration.cucumber.pages.BasePageTemplate$.click(BasePageTemplate.scala:17)
	at uk.gov.hmrc.integration.cucumber.pages.BasePageTemplate$class.clickRadio(BasePageTemplate.scala:73)
	at uk.gov.hmrc.integration.cucumber.pages.BasePageTemplate$.clickRadio(BasePageTemplate.scala:17)
	at uk.gov.hmrc.integration.cucumber.stepdefs.URLSCRAPERCommonStepDef$$anonfun$8.apply(CommonStepDef.scala:53)
	at uk.gov.hmrc.integration.cucumber.stepdefs.URLSCRAPERCommonStepDef$$anonfun$8.apply(CommonStepDef.scala:52)
	at cucumber.api.scala.ScalaDsl$StepBody$$anonfun$apply$3.applyOrElse(ScalaDsl.scala:105)
	at cucumber.api.scala.ScalaDsl$StepBody$$anonfun$apply$3.applyOrElse(ScalaDsl.scala:103)
	at scala.runtime.AbstractPartialFunction.apply(AbstractPartialFunction.scala:36)
	at cucumber.runtime.scala.ScalaStepDefinition.execute(ScalaStepDefinition.scala:71)
	at cucumber.runtime.StepDefinitionMatch.runStep(StepDefinitionMatch.java:37)
	at cucumber.runtime.Runtime.runStep(Runtime.java:299)
	at cucumber.runtime.model.StepContainer.runStep(StepContainer.java:44)
	at cucumber.runtime.model.StepContainer.runSteps(StepContainer.java:39)
	at cucumber.runtime.model.CucumberScenario.run(CucumberScenario.java:44)
	at cucumber.runtime.junit.ExecutionUnitRunner.run(ExecutionUnitRunner.java:91)
	at cucumber.runtime.junit.FeatureRunner.runChild(FeatureRunner.java:63)
	at cucumber.runtime.junit.FeatureRunner.runChild(FeatureRunner.java:18)
	at org.junit.runners.ParentRunner$3.run(ParentRunner.java:238)
	at org.junit.runners.ParentRunner$1.schedule(ParentRunner.java:63)
	at org.junit.runners.ParentRunner.runChildren(ParentRunner.java:236)
	at org.junit.runners.ParentRunner.access$000(ParentRunner.java:53)
	at org.junit.runners.ParentRunner$2.evaluate(ParentRunner.java:229)
	at org.junit.runners.ParentRunner.run(ParentRunner.java:309)
	at cucumber.runtime.junit.FeatureRunner.run(FeatureRunner.java:70)
	at cucumber.api.junit.Cucumber.runChild(Cucumber.java:93)
	at cucumber.api.junit.Cucumber.runChild(Cucumber.java:37)
	at org.junit.runners.ParentRunner$3.run(ParentRunner.java:238)
	at org.junit.runners.ParentRunner$1.schedule(ParentRunner.java:63)
	at org.junit.runners.ParentRunner.runChildren(ParentRunner.java:236)
	at org.junit.runners.ParentRunner.access$000(ParentRunner.java:53)
	at org.junit.runners.ParentRunner$2.evaluate(ParentRunner.java:229)
	at org.junit.runners.ParentRunner.run(ParentRunner.java:309)
	at cucumber.api.junit.Cucumber.run(Cucumber.java:98)
	at org.junit.runners.Suite.runChild(Suite.java:127)
	at org.junit.runners.Suite.runChild(Suite.java:26)
	at org.junit.runners.ParentRunner$3.run(ParentRunner.java:238)
	at org.junit.runners.ParentRunner$1.schedule(ParentRunner.java:63)
	at org.junit.runners.ParentRunner.runChildren(ParentRunner.java:236)
	at org.junit.runners.ParentRunner.access$000(ParentRunner.java:53)
	at org.junit.runners.ParentRunner$2.evaluate(ParentRunner.java:229)
	at org.junit.runners.ParentRunner.run(ParentRunner.java:309)
	at org.junit.runner.JUnitCore.run(JUnitCore.java:160)
	at org.junit.runner.JUnitCore.run(JUnitCore.java:138)
	at com.novocode.junit.JUnitRunner.run(JUnitRunner.java:90)
	at sbt.RunnerWrapper$1.runRunner2(FrameworkWrapper.java:223)
	at sbt.RunnerWrapper$1.execute(FrameworkWrapper.java:236)
	at sbt.TestRunner.runTest$1(TestFramework.scala:76)
	at sbt.TestRunner.run(TestFramework.scala:85)
	at sbt.TestFramework$$anon$2$$anonfun$$init$$1$$anonfun$apply$8.apply(TestFramework.scala:202)
	at sbt.TestFramework$$anon$2$$anonfun$$init$$1$$anonfun$apply$8.apply(TestFramework.scala:202)
	at sbt.TestFramework$.sbt$TestFramework$$withContextLoader(TestFramework.scala:185)
	at sbt.TestFramework$$anon$2$$anonfun$$init$$1.apply(TestFramework.scala:202)
	at sbt.TestFramework$$anon$2$$anonfun$$init$$1.apply(TestFramework.scala:202)
	at sbt.TestFunction.apply(TestFramework.scala:207)
	at sbt.Tests$$anonfun$9.apply(Tests.scala:216)
	at sbt.Tests$$anonfun$9.apply(Tests.scala:216)
	at sbt.std.Transform$$anon$3$$anonfun$apply$2.apply(System.scala:44)
	at sbt.std.Transform$$anon$3$$anonfun$apply$2.apply(System.scala:44)
	at sbt.std.Transform$$anon$4.work(System.scala:63)
	at sbt.Execute$$anonfun$submit$1$$anonfun$apply$1.apply(Execute.scala:226)
	at sbt.Execute$$anonfun$submit$1$$anonfun$apply$1.apply(Execute.scala:226)
	at sbt.ErrorHandling$.wideConvert(ErrorHandling.scala:17)
	at sbt.Execute.work(Execute.scala:235)
	at sbt.Execute$$anonfun$submit$1.apply(Execute.scala:226)
	at sbt.Execute$$anonfun$submit$1.apply(Execute.scala:226)
	at sbt.ConcurrentRestrictions$$anon$4$$anonfun$1.apply(ConcurrentRestrictions.scala:159)
	at sbt.CompletionService$$anon$2.call(CompletionService.scala:28)
	at java.util.concurrent.FutureTask.run(FutureTask.java:266)
	at java.util.concurrent.Executors$RunnableAdapter.call(Executors.java:511)
	at java.util.concurrent.FutureTask.run(FutureTask.java:266)
	at java.util.concurrent.ThreadPoolExecutor.runWorker(ThreadPoolExecutor.java:1142)
	at java.util.concurrent.ThreadPoolExecutor$Worker.run(ThreadPoolExecutor.java:617)
	at java.lang.Thread.run(Thread.java:745)
	at ✽.And Select your client's income type where select 'clickIncomeSourceProperty' and select 'clickContinueButton'(URLSCRAPERExampleSeleniumInputFile_ForPT_B.feature:12)
</failure>
                                               </testcase><testcase classname="uk.gov.hmrc.integration.cucumber.utils.UrlScraper" name="And Does your client have any other sources of income where select 'clickChoiceYes' and select 'clickContinueButton'" time="-0.001">
                                                 <skipped/>
                                               </testcase><testcase classname="uk.gov.hmrc.integration.cucumber.utils.UrlScraper" name="And You can only send quarterly reports on part of your client's income where select 'clickContinueButton'" time="-0.001">
                                                 <skipped/>
                                               </testcase><testcase classname="uk.gov.hmrc.integration.cucumber.utils.UrlScraper" name="And Select your client's income type where select 'clickIncomeSourceBoth' and select 'clickContinueButton'" time="-0.001">
                                                 <failure message="&quot;[no such element: Unable to locate element: {&quot;method&quot;:&quot;id&quot;,&quot;selector&quot;:&quot;incomeSource-Both&quot;}
  (Session info: chrome=55.0.2883.87)
  (Driver info: chromedriver=2.24.417424 (c5c5ea873213ee72e3d0929b47482681555340c3),platform=Linux 4.4.0-83-generic x86_64) (WARNING: The server did not provide any stacktrace information)
Command duration or timeout: 18 milliseconds
For documentation on this error, please visit: http://seleniumhq.org/exceptions/no_such_element.html
Build info: version: '2.53.1', revision: 'a36b8b1cd5757287168e54b817830adce9b0158d', time: '2016-06-30 19:26:09'
System info: host: 'ddct-55', ip: '127.0.1.1', os.name: 'Linux', os.arch: 'amd64', os.version: '4.4.0-83-generic', java.version: '1.8.0_111'
Driver info: org.openqa.selenium.chrome.ChromeDriver
Capabilities [{applicationCacheEnabled=false, rotatable=false, mobileEmulationEnabled=false, networkConnectionEnabled=false, chrome={chromedriverVersion=2.24.417424 (c5c5ea873213ee72e3d0929b47482681555340c3), userDataDir=/tmp/.org.chromium.Chromium.GneLOm}, takesHeapSnapshot=true, pageLoadStrategy=normal, databaseEnabled=false, handlesAlerts=true, hasTouchScreen=false, version=55.0.2883.87, platform=LINUX, browserConnectionEnabled=false, nativeEvents=true, acceptSslCerts=true, locationContextEnabled=true, webStorageEnabled=true, browserName=chrome, takesScreenshot=true, javascriptEnabled=true, cssSelectorsEnabled=true}]
Session ID: 42bb4921f558d47c3868d81efece547e
*** Element info: {Using=id, value=incomeSource-Both}]&quot; did not equal &quot;[PRINT ERR]&quot;" type="org.scalatest.exceptions.TestFailedException">org.scalatest.exceptions.TestFailedException: &quot;[no such element: Unable to locate element: {&quot;method&quot;:&quot;id&quot;,&quot;selector&quot;:&quot;incomeSource-Both&quot;}
  (Session info: chrome=55.0.2883.87)
  (Driver info: chromedriver=2.24.417424 (c5c5ea873213ee72e3d0929b47482681555340c3),platform=Linux 4.4.0-83-generic x86_64) (WARNING: The server did not provide any stacktrace information)
Command duration or timeout: 18 milliseconds
For documentation on this error, please visit: http://seleniumhq.org/exceptions/no_such_element.html
Build info: version: '2.53.1', revision: 'a36b8b1cd5757287168e54b817830adce9b0158d', time: '2016-06-30 19:26:09'
System info: host: 'ddct-55', ip: '127.0.1.1', os.name: 'Linux', os.arch: 'amd64', os.version: '4.4.0-83-generic', java.version: '1.8.0_111'
Driver info: org.openqa.selenium.chrome.ChromeDriver
Capabilities [{applicationCacheEnabled=false, rotatable=false, mobileEmulationEnabled=false, networkConnectionEnabled=false, chrome={chromedriverVersion=2.24.417424 (c5c5ea873213ee72e3d0929b47482681555340c3), userDataDir=/tmp/.org.chromium.Chromium.GneLOm}, takesHeapSnapshot=true, pageLoadStrategy=normal, databaseEnabled=false, handlesAlerts=true, hasTouchScreen=false, version=55.0.2883.87, platform=LINUX, browserConnectionEnabled=false, nativeEvents=true, acceptSslCerts=true, locationContextEnabled=true, webStorageEnabled=true, browserName=chrome, takesScreenshot=true, javascriptEnabled=true, cssSelectorsEnabled=true}]
Session ID: 42bb4921f558d47c3868d81efece547e
*** Element info: {Using=id, value=incomeSource-Both}]&quot; did not equal &quot;[PRINT ERR]&quot;
	at org.scalatest.Assertions$class.newAssertionFailedException(Assertions.scala:500)
	at uk.gov.hmrc.integration.cucumber.pages.BasePageTemplate$.newAssertionFailedException(BasePageTemplate.scala:17)
	at org.scalatest.Assertions$AssertionsHelper.macroAssert(Assertions.scala:466)
	at uk.gov.hmrc.integration.cucumber.pages.BasePageTemplate$class.catchErr(BasePageTemplate.scala:242)
	at uk.gov.hmrc.integration.cucumber.pages.BasePageTemplate$.catchErr(BasePageTemplate.scala:17)
	at uk.gov.hmrc.integration.cucumber.pages.BasePageTemplate$class.click(BasePageTemplate.scala:65)
	at uk.gov.hmrc.integration.cucumber.pages.BasePageTemplate$.click(BasePageTemplate.scala:17)
	at uk.gov.hmrc.integration.cucumber.pages.BasePageTemplate$class.clickRadio(BasePageTemplate.scala:73)
	at uk.gov.hmrc.integration.cucumber.pages.BasePageTemplate$.clickRadio(BasePageTemplate.scala:17)
	at uk.gov.hmrc.integration.cucumber.stepdefs.URLSCRAPERCommonStepDef$$anonfun$8.apply(CommonStepDef.scala:53)
	at uk.gov.hmrc.integration.cucumber.stepdefs.URLSCRAPERCommonStepDef$$anonfun$8.apply(CommonStepDef.scala:52)
	at cucumber.api.scala.ScalaDsl$StepBody$$anonfun$apply$3.applyOrElse(ScalaDsl.scala:105)
	at cucumber.api.scala.ScalaDsl$StepBody$$anonfun$apply$3.applyOrElse(ScalaDsl.scala:103)
	at scala.runtime.AbstractPartialFunction.apply(AbstractPartialFunction.scala:36)
	at cucumber.runtime.scala.ScalaStepDefinition.execute(ScalaStepDefinition.scala:71)
	at cucumber.runtime.StepDefinitionMatch.runStep(StepDefinitionMatch.java:37)
	at cucumber.runtime.Runtime.runStep(Runtime.java:299)
	at cucumber.runtime.model.StepContainer.runStep(StepContainer.java:44)
	at cucumber.runtime.model.StepContainer.runSteps(StepContainer.java:39)
	at cucumber.runtime.model.CucumberScenario.run(CucumberScenario.java:44)
	at cucumber.runtime.junit.ExecutionUnitRunner.run(ExecutionUnitRunner.java:91)
	at cucumber.runtime.junit.FeatureRunner.runChild(FeatureRunner.java:63)
	at cucumber.runtime.junit.FeatureRunner.runChild(FeatureRunner.java:18)
	at org.junit.runners.ParentRunner$3.run(ParentRunner.java:238)
	at org.junit.runners.ParentRunner$1.schedule(ParentRunner.java:63)
	at org.junit.runners.ParentRunner.runChildren(ParentRunner.java:236)
	at org.junit.runners.ParentRunner.access$000(ParentRunner.java:53)
	at org.junit.runners.ParentRunner$2.evaluate(ParentRunner.java:229)
	at org.junit.runners.ParentRunner.run(ParentRunner.java:309)
	at cucumber.runtime.junit.FeatureRunner.run(FeatureRunner.java:70)
	at cucumber.api.junit.Cucumber.runChild(Cucumber.java:93)
	at cucumber.api.junit.Cucumber.runChild(Cucumber.java:37)
	at org.junit.runners.ParentRunner$3.run(ParentRunner.java:238)
	at org.junit.runners.ParentRunner$1.schedule(ParentRunner.java:63)
	at org.junit.runners.ParentRunner.runChildren(ParentRunner.java:236)
	at org.junit.runners.ParentRunner.access$000(ParentRunner.java:53)
	at org.junit.runners.ParentRunner$2.evaluate(ParentRunner.java:229)
	at org.junit.runners.ParentRunner.run(ParentRunner.java:309)
	at cucumber.api.junit.Cucumber.run(Cucumber.java:98)
	at org.junit.runners.Suite.runChild(Suite.java:127)
	at org.junit.runners.Suite.runChild(Suite.java:26)
	at org.junit.runners.ParentRunner$3.run(ParentRunner.java:238)
	at org.junit.runners.ParentRunner$1.schedule(ParentRunner.java:63)
	at org.junit.runners.ParentRunner.runChildren(ParentRunner.java:236)
	at org.junit.runners.ParentRunner.access$000(ParentRunner.java:53)
	at org.junit.runners.ParentRunner$2.evaluate(ParentRunner.java:229)
	at org.junit.runners.ParentRunner.run(ParentRunner.java:309)
	at org.junit.runner.JUnitCore.run(JUnitCore.java:160)
	at org.junit.runner.JUnitCore.run(JUnitCore.java:138)
	at com.novocode.junit.JUnitRunner.run(JUnitRunner.java:90)
	at sbt.RunnerWrapper$1.runRunner2(FrameworkWrapper.java:223)
	at sbt.RunnerWrapper$1.execute(FrameworkWrapper.java:236)
	at sbt.TestRunner.runTest$1(TestFramework.scala:76)
	at sbt.TestRunner.run(TestFramework.scala:85)
	at sbt.TestFramework$$anon$2$$anonfun$$init$$1$$anonfun$apply$8.apply(TestFramework.scala:202)
	at sbt.TestFramework$$anon$2$$anonfun$$init$$1$$anonfun$apply$8.apply(TestFramework.scala:202)
	at sbt.TestFramework$.sbt$TestFramework$$withContextLoader(TestFramework.scala:185)
	at sbt.TestFramework$$anon$2$$anonfun$$init$$1.apply(TestFramework.scala:202)
	at sbt.TestFramework$$anon$2$$anonfun$$init$$1.apply(TestFramework.scala:202)
	at sbt.TestFunction.apply(TestFramework.scala:207)
	at sbt.Tests$$anonfun$9.apply(Tests.scala:216)
	at sbt.Tests$$anonfun$9.apply(Tests.scala:216)
	at sbt.std.Transform$$anon$3$$anonfun$apply$2.apply(System.scala:44)
	at sbt.std.Transform$$anon$3$$anonfun$apply$2.apply(System.scala:44)
	at sbt.std.Transform$$anon$4.work(System.scala:63)
	at sbt.Execute$$anonfun$submit$1$$anonfun$apply$1.apply(Execute.scala:226)
	at sbt.Execute$$anonfun$submit$1$$anonfun$apply$1.apply(Execute.scala:226)
	at sbt.ErrorHandling$.wideConvert(ErrorHandling.scala:17)
	at sbt.Execute.work(Execute.scala:235)
	at sbt.Execute$$anonfun$submit$1.apply(Execute.scala:226)
	at sbt.Execute$$anonfun$submit$1.apply(Execute.scala:226)
	at sbt.ConcurrentRestrictions$$anon$4$$anonfun$1.apply(ConcurrentRestrictions.scala:159)
	at sbt.CompletionService$$anon$2.call(CompletionService.scala:28)
	at java.util.concurrent.FutureTask.run(FutureTask.java:266)
	at java.util.concurrent.Executors$RunnableAdapter.call(Executors.java:511)
	at java.util.concurrent.FutureTask.run(FutureTask.java:266)
	at java.util.concurrent.ThreadPoolExecutor.runWorker(ThreadPoolExecutor.java:1142)
	at java.util.concurrent.ThreadPoolExecutor$Worker.run(ThreadPoolExecutor.java:617)
	at java.lang.Thread.run(Thread.java:745)
	at ✽.And Select your client's income type where select 'clickIncomeSourceBoth' and select 'clickContinueButton'(URLSCRAPERExampleSeleniumInputFile_ForPT_C.feature:12)
</failure>
                                               </testcase><testcase classname="uk.gov.hmrc.integration.cucumber.utils.UrlScraper" name="And Business accounting period where select 'clickAccountingPeriodPriorYes' and select 'clickContinueButton'" time="-0.001">
                                                 <skipped/>
                                               </testcase><testcase classname="uk.gov.hmrc.integration.cucumber.utils.UrlScraper" name="And You can't send quarterly reports yet where select 'clickContinueButton'" time="-0.001">
                                                 <skipped/>
                                               </testcase><testcase classname="uk.gov.hmrc.integration.cucumber.utils.UrlScraper" name="And Business accounting period where 'fieldStartDateDateDay' is '01' and 'fieldStartDateDateMonth' is '01' and 'fieldStartDateDateYear' is '2019' and 'fieldEndDateDateDay' is '01' and 'fieldEndDateDateMonth' is '01' and 'fieldEndDateDateYear' is '2020' and select 'clickContinueButton'" time="-0.001">
                                                 <skipped/>
                                               </testcase><testcase classname="uk.gov.hmrc.integration.cucumber.utils.UrlScraper" name="And Business name where 'fieldBusinessName' is 'Third Flow' and select 'clickContinueButton'" time="-0.001">
                                                 <skipped/>
                                               </testcase><testcase classname="uk.gov.hmrc.integration.cucumber.utils.UrlScraper" name="And Enter your client's details with 'fieldClientFirstName' is 'Test' and 'fieldClientLastName' is 'User' and 'fieldClientNino' is 'AA111111A' and 'fieldClientDateOfBirthDateDay' is '01' and 'fieldClientDateOfBirthDateMonth' is '01' and 'fieldClientDateOfBirthDateYear' is '1980' and select 'clickContinueButton'" time="-0.001">
                                                 
                                               </testcase><testcase classname="uk.gov.hmrc.integration.cucumber.utils.UrlScraper" name="Then Select your client's income type where select 'clickIncomeSourceOther' and select 'clickContinueButton'" time="-0.001">
                                                 <failure message="&quot;[no such element: Unable to locate element: {&quot;method&quot;:&quot;id&quot;,&quot;selector&quot;:&quot;incomeSource-Other&quot;}
  (Session info: chrome=55.0.2883.87)
  (Driver info: chromedriver=2.24.417424 (c5c5ea873213ee72e3d0929b47482681555340c3),platform=Linux 4.4.0-83-generic x86_64) (WARNING: The server did not provide any stacktrace information)
Command duration or timeout: 16 milliseconds
For documentation on this error, please visit: http://seleniumhq.org/exceptions/no_such_element.html
Build info: version: '2.53.1', revision: 'a36b8b1cd5757287168e54b817830adce9b0158d', time: '2016-06-30 19:26:09'
System info: host: 'ddct-55', ip: '127.0.1.1', os.name: 'Linux', os.arch: 'amd64', os.version: '4.4.0-83-generic', java.version: '1.8.0_111'
Driver info: org.openqa.selenium.chrome.ChromeDriver
Capabilities [{applicationCacheEnabled=false, rotatable=false, mobileEmulationEnabled=false, networkConnectionEnabled=false, chrome={chromedriverVersion=2.24.417424 (c5c5ea873213ee72e3d0929b47482681555340c3), userDataDir=/tmp/.org.chromium.Chromium.GneLOm}, takesHeapSnapshot=true, pageLoadStrategy=normal, databaseEnabled=false, handlesAlerts=true, hasTouchScreen=false, version=55.0.2883.87, platform=LINUX, browserConnectionEnabled=false, nativeEvents=true, acceptSslCerts=true, locationContextEnabled=true, webStorageEnabled=true, browserName=chrome, takesScreenshot=true, javascriptEnabled=true, cssSelectorsEnabled=true}]
Session ID: 42bb4921f558d47c3868d81efece547e
*** Element info: {Using=id, value=incomeSource-Other}]&quot; did not equal &quot;[PRINT ERR]&quot;" type="org.scalatest.exceptions.TestFailedException">org.scalatest.exceptions.TestFailedException: &quot;[no such element: Unable to locate element: {&quot;method&quot;:&quot;id&quot;,&quot;selector&quot;:&quot;incomeSource-Other&quot;}
  (Session info: chrome=55.0.2883.87)
  (Driver info: chromedriver=2.24.417424 (c5c5ea873213ee72e3d0929b47482681555340c3),platform=Linux 4.4.0-83-generic x86_64) (WARNING: The server did not provide any stacktrace information)
Command duration or timeout: 16 milliseconds
For documentation on this error, please visit: http://seleniumhq.org/exceptions/no_such_element.html
Build info: version: '2.53.1', revision: 'a36b8b1cd5757287168e54b817830adce9b0158d', time: '2016-06-30 19:26:09'
System info: host: 'ddct-55', ip: '127.0.1.1', os.name: 'Linux', os.arch: 'amd64', os.version: '4.4.0-83-generic', java.version: '1.8.0_111'
Driver info: org.openqa.selenium.chrome.ChromeDriver
Capabilities [{applicationCacheEnabled=false, rotatable=false, mobileEmulationEnabled=false, networkConnectionEnabled=false, chrome={chromedriverVersion=2.24.417424 (c5c5ea873213ee72e3d0929b47482681555340c3), userDataDir=/tmp/.org.chromium.Chromium.GneLOm}, takesHeapSnapshot=true, pageLoadStrategy=normal, databaseEnabled=false, handlesAlerts=true, hasTouchScreen=false, version=55.0.2883.87, platform=LINUX, browserConnectionEnabled=false, nativeEvents=true, acceptSslCerts=true, locationContextEnabled=true, webStorageEnabled=true, browserName=chrome, takesScreenshot=true, javascriptEnabled=true, cssSelectorsEnabled=true}]
Session ID: 42bb4921f558d47c3868d81efece547e
*** Element info: {Using=id, value=incomeSource-Other}]&quot; did not equal &quot;[PRINT ERR]&quot;
	at org.scalatest.Assertions$class.newAssertionFailedException(Assertions.scala:500)
	at uk.gov.hmrc.integration.cucumber.pages.BasePageTemplate$.newAssertionFailedException(BasePageTemplate.scala:17)
	at org.scalatest.Assertions$AssertionsHelper.macroAssert(Assertions.scala:466)
	at uk.gov.hmrc.integration.cucumber.pages.BasePageTemplate$class.catchErr(BasePageTemplate.scala:242)
	at uk.gov.hmrc.integration.cucumber.pages.BasePageTemplate$.catchErr(BasePageTemplate.scala:17)
	at uk.gov.hmrc.integration.cucumber.pages.BasePageTemplate$class.click(BasePageTemplate.scala:65)
	at uk.gov.hmrc.integration.cucumber.pages.BasePageTemplate$.click(BasePageTemplate.scala:17)
	at uk.gov.hmrc.integration.cucumber.pages.BasePageTemplate$class.clickRadio(BasePageTemplate.scala:73)
	at uk.gov.hmrc.integration.cucumber.pages.BasePageTemplate$.clickRadio(BasePageTemplate.scala:17)
	at uk.gov.hmrc.integration.cucumber.stepdefs.URLSCRAPERCommonStepDef$$anonfun$8.apply(CommonStepDef.scala:53)
	at uk.gov.hmrc.integration.cucumber.stepdefs.URLSCRAPERCommonStepDef$$anonfun$8.apply(CommonStepDef.scala:52)
	at cucumber.api.scala.ScalaDsl$StepBody$$anonfun$apply$3.applyOrElse(ScalaDsl.scala:105)
	at cucumber.api.scala.ScalaDsl$StepBody$$anonfun$apply$3.applyOrElse(ScalaDsl.scala:103)
	at scala.runtime.AbstractPartialFunction.apply(AbstractPartialFunction.scala:36)
	at cucumber.runtime.scala.ScalaStepDefinition.execute(ScalaStepDefinition.scala:71)
	at cucumber.runtime.StepDefinitionMatch.runStep(StepDefinitionMatch.java:37)
	at cucumber.runtime.Runtime.runStep(Runtime.java:299)
	at cucumber.runtime.model.StepContainer.runStep(StepContainer.java:44)
	at cucumber.runtime.model.StepContainer.runSteps(StepContainer.java:39)
	at cucumber.runtime.model.CucumberScenario.run(CucumberScenario.java:44)
	at cucumber.runtime.junit.ExecutionUnitRunner.run(ExecutionUnitRunner.java:91)
	at cucumber.runtime.junit.FeatureRunner.runChild(FeatureRunner.java:63)
	at cucumber.runtime.junit.FeatureRunner.runChild(FeatureRunner.java:18)
	at org.junit.runners.ParentRunner$3.run(ParentRunner.java:238)
	at org.junit.runners.ParentRunner$1.schedule(ParentRunner.java:63)
	at org.junit.runners.ParentRunner.runChildren(ParentRunner.java:236)
	at org.junit.runners.ParentRunner.access$000(ParentRunner.java:53)
	at org.junit.runners.ParentRunner$2.evaluate(ParentRunner.java:229)
	at org.junit.runners.ParentRunner.run(ParentRunner.java:309)
	at cucumber.runtime.junit.FeatureRunner.run(FeatureRunner.java:70)
	at cucumber.api.junit.Cucumber.runChild(Cucumber.java:93)
	at cucumber.api.junit.Cucumber.runChild(Cucumber.java:37)
	at org.junit.runners.ParentRunner$3.run(ParentRunner.java:238)
	at org.junit.runners.ParentRunner$1.schedule(ParentRunner.java:63)
	at org.junit.runners.ParentRunner.runChildren(ParentRunner.java:236)
	at org.junit.runners.ParentRunner.access$000(ParentRunner.java:53)
	at org.junit.runners.ParentRunner$2.evaluate(ParentRunner.java:229)
	at org.junit.runners.ParentRunner.run(ParentRunner.java:309)
	at cucumber.api.junit.Cucumber.run(Cucumber.java:98)
	at org.junit.runners.Suite.runChild(Suite.java:127)
	at org.junit.runners.Suite.runChild(Suite.java:26)
	at org.junit.runners.ParentRunner$3.run(ParentRunner.java:238)
	at org.junit.runners.ParentRunner$1.schedule(ParentRunner.java:63)
	at org.junit.runners.ParentRunner.runChildren(ParentRunner.java:236)
	at org.junit.runners.ParentRunner.access$000(ParentRunner.java:53)
	at org.junit.runners.ParentRunner$2.evaluate(ParentRunner.java:229)
	at org.junit.runners.ParentRunner.run(ParentRunner.java:309)
	at org.junit.runner.JUnitCore.run(JUnitCore.java:160)
	at org.junit.runner.JUnitCore.run(JUnitCore.java:138)
	at com.novocode.junit.JUnitRunner.run(JUnitRunner.java:90)
	at sbt.RunnerWrapper$1.runRunner2(FrameworkWrapper.java:223)
	at sbt.RunnerWrapper$1.execute(FrameworkWrapper.java:236)
	at sbt.TestRunner.runTest$1(TestFramework.scala:76)
	at sbt.TestRunner.run(TestFramework.scala:85)
	at sbt.TestFramework$$anon$2$$anonfun$$init$$1$$anonfun$apply$8.apply(TestFramework.scala:202)
	at sbt.TestFramework$$anon$2$$anonfun$$init$$1$$anonfun$apply$8.apply(TestFramework.scala:202)
	at sbt.TestFramework$.sbt$TestFramework$$withContextLoader(TestFramework.scala:185)
	at sbt.TestFramework$$anon$2$$anonfun$$init$$1.apply(TestFramework.scala:202)
	at sbt.TestFramework$$anon$2$$anonfun$$init$$1.apply(TestFramework.scala:202)
	at sbt.TestFunction.apply(TestFramework.scala:207)
	at sbt.Tests$$anonfun$9.apply(Tests.scala:216)
	at sbt.Tests$$anonfun$9.apply(Tests.scala:216)
	at sbt.std.Transform$$anon$3$$anonfun$apply$2.apply(System.scala:44)
	at sbt.std.Transform$$anon$3$$anonfun$apply$2.apply(System.scala:44)
	at sbt.std.Transform$$anon$4.work(System.scala:63)
	at sbt.Execute$$anonfun$submit$1$$anonfun$apply$1.apply(Execute.scala:226)
	at sbt.Execute$$anonfun$submit$1$$anonfun$apply$1.apply(Execute.scala:226)
	at sbt.ErrorHandling$.wideConvert(ErrorHandling.scala:17)
	at sbt.Execute.work(Execute.scala:235)
	at sbt.Execute$$anonfun$submit$1.apply(Execute.scala:226)
	at sbt.Execute$$anonfun$submit$1.apply(Execute.scala:226)
	at sbt.ConcurrentRestrictions$$anon$4$$anonfun$1.apply(ConcurrentRestrictions.scala:159)
	at sbt.CompletionService$$anon$2.call(CompletionService.scala:28)
	at java.util.concurrent.FutureTask.run(FutureTask.java:266)
	at java.util.concurrent.Executors$RunnableAdapter.call(Executors.java:511)
	at java.util.concurrent.FutureTask.run(FutureTask.java:266)
	at java.util.concurrent.ThreadPoolExecutor.runWorker(ThreadPoolExecutor.java:1142)
	at java.util.concurrent.ThreadPoolExecutor$Worker.run(ThreadPoolExecutor.java:617)
	at java.lang.Thread.run(Thread.java:745)
	at ✽.Then Select your client's income type where select 'clickIncomeSourceOther' and select 'clickContinueButton'(URLSCRAPERExampleSeleniumInputFile_ForPT_D.feature:12)
</failure>
                                               </testcase><testcase classname="uk.gov.hmrc.integration.cucumber.utils.UrlScraper" name="Given we start on URL 'http://localhost:9563/report-quarterly/income-and-expenses/sign-up/client/test-only/stub-client'" time="-0.001">
                                                 
                                               </testcase><testcase classname="uk.gov.hmrc.integration.cucumber.utils.UrlScraper" name="Then User stubbing service where select 'clickContinueButton'" time="-0.001">
                                                 
                                               </testcase>
                     <system-out></system-out>
                     <system-err></system-err>
                   </testsuite>